#
# There is insufficient memory for the Java Runtime Environment to continue.
# Native memory allocation (malloc) failed to allocate 32744 bytes. Error detail: Chunk::new
# Possible reasons:
#   The system is out of physical RAM or swap space
#   This process is running with CompressedOops enabled, and the Java Heap may be blocking the growth of the native heap
# Possible solutions:
#   Reduce memory load on the system
#   Increase physical memory or swap space
#   Check if swap backing store is full
#   Decrease Java heap size (-Xmx/-Xms)
#   Decrease number of Java threads
#   Decrease Java thread stack sizes (-Xss)
#   Set larger code cache with -XX:ReservedCodeCacheSize=
#   JVM is running with Unscaled Compressed Oops mode in which the Java heap is
#     placed in the first 4GB address space. The Java Heap base address is the
#     maximum limit for the native heap growth. Please use -XX:HeapBaseMinAddress
#     to set the Java Heap base and to place the Java Heap above 4GB virtual address.
# This output file may be truncated or incomplete.
#
#  Out of Memory Error (arena.cpp:168), pid=15292, tid=11988
#
# JRE version: OpenJDK Runtime Environment (21.0.8) (build 21.0.8+-14196175-b1038.72)
# Java VM: OpenJDK 64-Bit Server VM (21.0.8+-14196175-b1038.72, mixed mode, tiered, compressed oops, compressed class ptrs, g1 gc, windows-amd64)
# No core dump will be written. Minidumps are not enabled by default on client versions of Windows
#

---------------  S U M M A R Y ------------

Command Line: org.jetbrains.kotlin.cli.jvm.K2JVMCompiler @C:\Users\ahmed\AndroidStudioProjects\awrad\app\build\20251126_7655840479237328344.compiler.options

Host: Intel(R) Core(TM) i5-1035G1 CPU @ 1.00GHz, 8 cores, 7G,  Windows 11 , 64 bit Build 26100 (10.0.26100.7019)
Time: Wed Nov 26 20:50:35 2025 elapsed time: 36.704963 seconds (0d 0h 0m 36s)

---------------  T H R E A D  ---------------

Current thread (0x000001d57fb19010):  JavaThread "C1 CompilerThread0" daemon [_thread_in_native, id=11988, stack(0x0000000362b00000,0x0000000362c00000) (1024K)]


Current CompileTask:
C1:36705 8998       3       org.jetbrains.kotlin.fir.scopes.impl.FirFakeOverrideGenerator::createCopyForFirFunction (381 bytes)

Stack: [0x0000000362b00000,0x0000000362c00000]
Native frames: (J=compiled Java code, j=interpreted, Vv=VM code, C=native code)
V  [jvm.dll+0x6d68d9]
V  [jvm.dll+0x866693]
V  [jvm.dll+0x868c4e]
V  [jvm.dll+0x869333]
V  [jvm.dll+0x280566]
V  [jvm.dll+0xc07cd]
V  [jvm.dll+0xc0d03]
V  [jvm.dll+0x198183]
V  [jvm.dll+0x197d34]
V  [jvm.dll+0x197d34]
V  [jvm.dll+0x197d34]
V  [jvm.dll+0x197d34]
V  [jvm.dll+0x1969b4]
V  [jvm.dll+0x196c8a]
V  [jvm.dll+0x1993e2]
V  [jvm.dll+0x151873]
V  [jvm.dll+0x151118]
V  [jvm.dll+0x151356]
V  [jvm.dll+0x1506cf]
V  [jvm.dll+0x1524f1]
V  [jvm.dll+0x257f9e]
V  [jvm.dll+0x2564e6]
V  [jvm.dll+0x3f4696]
V  [jvm.dll+0x80eac8]
V  [jvm.dll+0x6d512d]
C  [ucrtbase.dll+0x37b0]
C  [KERNEL32.DLL+0x2e8d7]
C  [ntdll.dll+0x8c53c]


---------------  P R O C E S S  ---------------

Threads class SMR info:
_java_thread_list=0x000001d5094f2b10, length=11, elements={
0x000001d567f7f130, 0x000001d57fab08c0, 0x000001d57fb08e70, 0x000001d57fb099c0,
0x000001d57faed860, 0x000001d57faeeee0, 0x000001d57faf04b0, 0x000001d57fb12f40,
0x000001d57faf3290, 0x000001d57fb19010, 0x000001d57fb8db60
}

Java Threads: ( => current thread )
  0x000001d567f7f130 JavaThread "main"                              [_thread_in_native, id=5076, stack(0x0000000361b00000,0x0000000361c00000) (1024K)]
  0x000001d57fab08c0 JavaThread "Common-Cleaner"             daemon [_thread_blocked, id=21640, stack(0x0000000362300000,0x0000000362400000) (1024K)]
  0x000001d57fb08e70 JavaThread "Reference Handler"          daemon [_thread_blocked, id=21484, stack(0x0000000362400000,0x0000000362500000) (1024K)]
  0x000001d57fb099c0 JavaThread "Finalizer"                  daemon [_thread_blocked, id=2600, stack(0x0000000362500000,0x0000000362600000) (1024K)]
  0x000001d57faed860 JavaThread "Signal Dispatcher"          daemon [_thread_blocked, id=22880, stack(0x0000000362600000,0x0000000362700000) (1024K)]
  0x000001d57faeeee0 JavaThread "Attach Listener"            daemon [_thread_blocked, id=23036, stack(0x0000000362700000,0x0000000362800000) (1024K)]
  0x000001d57faf04b0 JavaThread "Service Thread"             daemon [_thread_blocked, id=25500, stack(0x0000000362800000,0x0000000362900000) (1024K)]
  0x000001d57fb12f40 JavaThread "Monitor Deflation Thread"   daemon [_thread_blocked, id=23544, stack(0x0000000362900000,0x0000000362a00000) (1024K)]
  0x000001d57faf3290 JavaThread "C2 CompilerThread0"         daemon [_thread_in_native, id=14264, stack(0x0000000362a00000,0x0000000362b00000) (1024K)]
=>0x000001d57fb19010 JavaThread "C1 CompilerThread0"         daemon [_thread_in_native, id=11988, stack(0x0000000362b00000,0x0000000362c00000) (1024K)]
  0x000001d57fb8db60 JavaThread "Notification Thread"        daemon [_thread_blocked, id=22156, stack(0x0000000362c00000,0x0000000362d00000) (1024K)]
Total: 11

Other Threads:
  0x000001d57fa88520 VMThread "VM Thread"                           [id=1112, stack(0x0000000362200000,0x0000000362300000) (1024K)]
  0x000001d57f8d00e0 WatcherThread "VM Periodic Task Thread"        [id=23140, stack(0x0000000362100000,0x0000000362200000) (1024K)]
  0x000001d56a419fe0 WorkerThread "GC Thread#0"                     [id=352, stack(0x0000000361c00000,0x0000000361d00000) (1024K)]
  0x000001d5065cadf0 WorkerThread "GC Thread#1"                     [id=8720, stack(0x0000000362d00000,0x0000000362e00000) (1024K)]
  0x000001d5065c7d40 WorkerThread "GC Thread#2"                     [id=20352, stack(0x0000000362e00000,0x0000000362f00000) (1024K)]
  0x000001d5065d0110 WorkerThread "GC Thread#3"                     [id=21492, stack(0x0000000362f00000,0x0000000363000000) (1024K)]
  0x000001d5065d08b0 WorkerThread "GC Thread#4"                     [id=24428, stack(0x0000000363000000,0x0000000363100000) (1024K)]
  0x000001d5065d2070 WorkerThread "GC Thread#5"                     [id=19084, stack(0x0000000363100000,0x0000000363200000) (1024K)]
  0x000001d50667fc00 WorkerThread "GC Thread#6"                     [id=26044, stack(0x0000000363200000,0x0000000363300000) (1024K)]
  0x000001d50667f860 WorkerThread "GC Thread#7"                     [id=20508, stack(0x0000000363600000,0x0000000363700000) (1024K)]
  0x000001d56a42c6b0 ConcurrentGCThread "G1 Main Marker"            [id=3888, stack(0x0000000361d00000,0x0000000361e00000) (1024K)]
  0x000001d56a42ec40 WorkerThread "G1 Conc#0"                       [id=23880, stack(0x0000000361e00000,0x0000000361f00000) (1024K)]
  0x000001d50667e9e0 WorkerThread "G1 Conc#1"                       [id=26124, stack(0x0000000363300000,0x0000000363400000) (1024K)]
  0x000001d56a48eb50 ConcurrentGCThread "G1 Refine#0"               [id=5160, stack(0x0000000361f00000,0x0000000362000000) (1024K)]
  0x000001d57f79e620 ConcurrentGCThread "G1 Service"                [id=23628, stack(0x0000000362000000,0x0000000362100000) (1024K)]
Total: 15

Threads with active compile tasks:
C2 CompilerThread0  41066 8951       4       org.jetbrains.kotlin.fir.java.scopes.JavaClassStaticEnhancementScope::processPropertiesByName (29 bytes)
C1 CompilerThread0  41066 8998       3       org.jetbrains.kotlin.fir.scopes.impl.FirFakeOverrideGenerator::createCopyForFirFunction (381 bytes)
Total: 2

VM state: not at safepoint (normal execution)

VM Mutex/Monitor currently owned by a thread: None

Heap address: 0x0000000084c00000, size: 1972 MB, Compressed Oops mode: 32-bit

CDS archive(s) not mapped
Compressed class space mapped at: 0x0000000100000000-0x0000000140000000, reserved size: 1073741824
Narrow klass base: 0x0000000000000000, Narrow klass shift: 3, Narrow klass range: 0x140000000

GC Precious Log:
 CardTable entry size: 512
 Card Set container configuration: InlinePtr #cards 5 size 8 Array Of Cards #cards 12 size 40 Howl #buckets 4 coarsen threshold 1843 Howl Bitmap #cards 512 size 80 coarsen threshold 460 Card regions per heap region 1 cards per card region 2048
 CPUs: 8 total, 8 available
 Memory: 7880M
 Large Page Support: Disabled
 NUMA Support: Disabled
 Compressed Oops: Enabled (32-bit)
 Heap Region Size: 1M
 Heap Min Capacity: 8M
 Heap Initial Capacity: 124M
 Heap Max Capacity: 1972M
 Pre-touch: Disabled
 Parallel Workers: 8
 Concurrent Workers: 2
 Concurrent Refinement Workers: 8
 Periodic GC: Disabled

Heap:
 garbage-first heap   total 147456K, used 98165K [0x0000000084c00000, 0x0000000100000000)
  region size 1024K, 38 young (38912K), 9 survivors (9216K)
 Metaspace       used 67851K, committed 68096K, reserved 1114112K
  class space    used 7483K, committed 7616K, reserved 1048576K

Heap Regions: E=young(eden), S=young(survivor), O=old, HS=humongous(starts), HC=humongous(continues), CS=collection set, F=free, TAMS=top-at-mark-start, PB=parsable bottom
|   0|0x0000000084c00000, 0x0000000084d00000, 0x0000000084d00000|100%|HS|  |TAMS 0x0000000084c00000| PB 0x0000000084c00000| Complete 
|   1|0x0000000084d00000, 0x0000000084e00000, 0x0000000084e00000|100%|HC|  |TAMS 0x0000000084d00000| PB 0x0000000084d00000| Complete 
|   2|0x0000000084e00000, 0x0000000084f00000, 0x0000000084f00000|100%|HC|  |TAMS 0x0000000084e00000| PB 0x0000000084e00000| Complete 
|   3|0x0000000084f00000, 0x0000000085000000, 0x0000000085000000|100%| O|  |TAMS 0x0000000084f00000| PB 0x0000000084f00000| Untracked 
|   4|0x0000000085000000, 0x0000000085100000, 0x0000000085100000|100%| O|  |TAMS 0x0000000085000000| PB 0x0000000085000000| Untracked 
|   5|0x0000000085100000, 0x0000000085200000, 0x0000000085200000|100%| O|  |TAMS 0x0000000085100000| PB 0x0000000085100000| Untracked 
|   6|0x0000000085200000, 0x0000000085300000, 0x0000000085300000|100%| O|  |TAMS 0x0000000085200000| PB 0x0000000085200000| Untracked 
|   7|0x0000000085300000, 0x0000000085400000, 0x0000000085400000|100%| O|  |TAMS 0x0000000085300000| PB 0x0000000085300000| Untracked 
|   8|0x0000000085400000, 0x0000000085500000, 0x0000000085500000|100%| O|  |TAMS 0x0000000085400000| PB 0x0000000085400000| Untracked 
|   9|0x0000000085500000, 0x0000000085600000, 0x0000000085600000|100%| O|  |TAMS 0x0000000085500000| PB 0x0000000085500000| Untracked 
|  10|0x0000000085600000, 0x0000000085700000, 0x0000000085700000|100%| O|  |TAMS 0x0000000085600000| PB 0x0000000085600000| Untracked 
|  11|0x0000000085700000, 0x0000000085800000, 0x0000000085800000|100%| O|  |TAMS 0x0000000085700000| PB 0x0000000085700000| Untracked 
|  12|0x0000000085800000, 0x0000000085900000, 0x0000000085900000|100%| O|  |TAMS 0x0000000085800000| PB 0x0000000085800000| Untracked 
|  13|0x0000000085900000, 0x0000000085a00000, 0x0000000085a00000|100%| O|  |TAMS 0x0000000085900000| PB 0x0000000085900000| Untracked 
|  14|0x0000000085a00000, 0x0000000085b00000, 0x0000000085b00000|100%| O|  |TAMS 0x0000000085a00000| PB 0x0000000085a00000| Untracked 
|  15|0x0000000085b00000, 0x0000000085c00000, 0x0000000085c00000|100%| O|  |TAMS 0x0000000085b00000| PB 0x0000000085b00000| Untracked 
|  16|0x0000000085c00000, 0x0000000085d00000, 0x0000000085d00000|100%| O|  |TAMS 0x0000000085c00000| PB 0x0000000085c00000| Untracked 
|  17|0x0000000085d00000, 0x0000000085e00000, 0x0000000085e00000|100%| O|  |TAMS 0x0000000085d00000| PB 0x0000000085d00000| Untracked 
|  18|0x0000000085e00000, 0x0000000085f00000, 0x0000000085f00000|100%| O|  |TAMS 0x0000000085e00000| PB 0x0000000085e00000| Untracked 
|  19|0x0000000085f00000, 0x0000000086000000, 0x0000000086000000|100%| O|  |TAMS 0x0000000085f00000| PB 0x0000000085f00000| Untracked 
|  20|0x0000000086000000, 0x0000000086100000, 0x0000000086100000|100%| O|  |TAMS 0x0000000086000000| PB 0x0000000086000000| Untracked 
|  21|0x0000000086100000, 0x0000000086200000, 0x0000000086200000|100%| O|  |TAMS 0x0000000086100000| PB 0x0000000086100000| Untracked 
|  22|0x0000000086200000, 0x0000000086300000, 0x0000000086300000|100%| O|  |TAMS 0x0000000086200000| PB 0x0000000086200000| Untracked 
|  23|0x0000000086300000, 0x0000000086400000, 0x0000000086400000|100%| O|  |TAMS 0x0000000086300000| PB 0x0000000086300000| Untracked 
|  24|0x0000000086400000, 0x0000000086500000, 0x0000000086500000|100%| O|  |TAMS 0x0000000086400000| PB 0x0000000086400000| Untracked 
|  25|0x0000000086500000, 0x0000000086600000, 0x0000000086600000|100%| O|  |TAMS 0x0000000086500000| PB 0x0000000086500000| Untracked 
|  26|0x0000000086600000, 0x0000000086700000, 0x0000000086700000|100%| O|  |TAMS 0x0000000086600000| PB 0x0000000086600000| Untracked 
|  27|0x0000000086700000, 0x0000000086800000, 0x0000000086800000|100%| O|  |TAMS 0x0000000086700000| PB 0x0000000086700000| Untracked 
|  28|0x0000000086800000, 0x0000000086900000, 0x0000000086900000|100%| O|  |TAMS 0x0000000086800000| PB 0x0000000086800000| Untracked 
|  29|0x0000000086900000, 0x0000000086900000, 0x0000000086a00000|  0%| F|  |TAMS 0x0000000086900000| PB 0x0000000086900000| Untracked 
|  30|0x0000000086a00000, 0x0000000086b00000, 0x0000000086b00000|100%| O|  |TAMS 0x0000000086a00000| PB 0x0000000086a00000| Untracked 
|  31|0x0000000086b00000, 0x0000000086c00000, 0x0000000086c00000|100%| O|  |TAMS 0x0000000086b00000| PB 0x0000000086b00000| Untracked 
|  32|0x0000000086c00000, 0x0000000086d00000, 0x0000000086d00000|100%| O|  |TAMS 0x0000000086c00000| PB 0x0000000086c00000| Untracked 
|  33|0x0000000086d00000, 0x0000000086e00000, 0x0000000086e00000|100%| O|  |TAMS 0x0000000086d00000| PB 0x0000000086d00000| Untracked 
|  34|0x0000000086e00000, 0x0000000086f00000, 0x0000000086f00000|100%| O|  |TAMS 0x0000000086e00000| PB 0x0000000086e00000| Untracked 
|  35|0x0000000086f00000, 0x0000000087000000, 0x0000000087000000|100%| O|  |TAMS 0x0000000086f00000| PB 0x0000000086f00000| Untracked 
|  36|0x0000000087000000, 0x0000000087100000, 0x0000000087100000|100%| O|  |TAMS 0x0000000087000000| PB 0x0000000087000000| Untracked 
|  37|0x0000000087100000, 0x0000000087200000, 0x0000000087200000|100%| O|  |TAMS 0x0000000087100000| PB 0x0000000087100000| Untracked 
|  38|0x0000000087200000, 0x0000000087300000, 0x0000000087300000|100%| O|  |TAMS 0x0000000087200000| PB 0x0000000087200000| Untracked 
|  39|0x0000000087300000, 0x0000000087400000, 0x0000000087400000|100%| O|  |TAMS 0x0000000087300000| PB 0x0000000087300000| Untracked 
|  40|0x0000000087400000, 0x0000000087500000, 0x0000000087500000|100%| O|  |TAMS 0x0000000087400000| PB 0x0000000087400000| Untracked 
|  41|0x0000000087500000, 0x0000000087600000, 0x0000000087600000|100%| O|  |TAMS 0x0000000087500000| PB 0x0000000087500000| Untracked 
|  42|0x0000000087600000, 0x0000000087700000, 0x0000000087700000|100%| O|  |TAMS 0x0000000087600000| PB 0x0000000087600000| Untracked 
|  43|0x0000000087700000, 0x0000000087800000, 0x0000000087800000|100%| O|  |TAMS 0x0000000087700000| PB 0x0000000087700000| Untracked 
|  44|0x0000000087800000, 0x0000000087900000, 0x0000000087900000|100%| O|  |TAMS 0x0000000087800000| PB 0x0000000087800000| Untracked 
|  45|0x0000000087900000, 0x0000000087a00000, 0x0000000087a00000|100%| O|  |TAMS 0x0000000087900000| PB 0x0000000087900000| Untracked 
|  46|0x0000000087a00000, 0x0000000087b00000, 0x0000000087b00000|100%| O|  |TAMS 0x0000000087a00000| PB 0x0000000087a00000| Untracked 
|  47|0x0000000087b00000, 0x0000000087c00000, 0x0000000087c00000|100%| O|  |TAMS 0x0000000087b00000| PB 0x0000000087b00000| Untracked 
|  48|0x0000000087c00000, 0x0000000087d00000, 0x0000000087d00000|100%| O|  |TAMS 0x0000000087c00000| PB 0x0000000087c00000| Untracked 
|  49|0x0000000087d00000, 0x0000000087e00000, 0x0000000087e00000|100%| O|  |TAMS 0x0000000087d00000| PB 0x0000000087d00000| Untracked 
|  50|0x0000000087e00000, 0x0000000087f00000, 0x0000000087f00000|100%| O|  |TAMS 0x0000000087e00000| PB 0x0000000087e00000| Untracked 
|  51|0x0000000087f00000, 0x0000000088000000, 0x0000000088000000|100%| O|  |TAMS 0x0000000087f00000| PB 0x0000000087f00000| Untracked 
|  52|0x0000000088000000, 0x0000000088100000, 0x0000000088100000|100%| O|  |TAMS 0x0000000088000000| PB 0x0000000088000000| Untracked 
|  53|0x0000000088100000, 0x0000000088200000, 0x0000000088200000|100%| O|  |TAMS 0x0000000088100000| PB 0x0000000088100000| Untracked 
|  54|0x0000000088200000, 0x0000000088300000, 0x0000000088300000|100%| O|  |TAMS 0x0000000088200000| PB 0x0000000088200000| Untracked 
|  55|0x0000000088300000, 0x0000000088400000, 0x0000000088400000|100%| O|  |TAMS 0x0000000088300000| PB 0x0000000088300000| Untracked 
|  56|0x0000000088400000, 0x0000000088500000, 0x0000000088500000|100%| O|  |TAMS 0x0000000088400000| PB 0x0000000088400000| Untracked 
|  57|0x0000000088500000, 0x0000000088600000, 0x0000000088600000|100%| O|  |TAMS 0x0000000088500000| PB 0x0000000088500000| Untracked 
|  58|0x0000000088600000, 0x00000000886de140, 0x0000000088700000| 86%| O|  |TAMS 0x0000000088600000| PB 0x0000000088600000| Untracked 
|  59|0x0000000088700000, 0x0000000088700000, 0x0000000088800000|  0%| F|  |TAMS 0x0000000088700000| PB 0x0000000088700000| Untracked 
|  60|0x0000000088800000, 0x0000000088800000, 0x0000000088900000|  0%| F|  |TAMS 0x0000000088800000| PB 0x0000000088800000| Untracked 
|  61|0x0000000088900000, 0x0000000088900000, 0x0000000088a00000|  0%| F|  |TAMS 0x0000000088900000| PB 0x0000000088900000| Untracked 
|  62|0x0000000088a00000, 0x0000000088a00000, 0x0000000088b00000|  0%| F|  |TAMS 0x0000000088a00000| PB 0x0000000088a00000| Untracked 
|  63|0x0000000088b00000, 0x0000000088b00000, 0x0000000088c00000|  0%| F|  |TAMS 0x0000000088b00000| PB 0x0000000088b00000| Untracked 
|  64|0x0000000088c00000, 0x0000000088c00000, 0x0000000088d00000|  0%| F|  |TAMS 0x0000000088c00000| PB 0x0000000088c00000| Untracked 
|  65|0x0000000088d00000, 0x0000000088d00000, 0x0000000088e00000|  0%| F|  |TAMS 0x0000000088d00000| PB 0x0000000088d00000| Untracked 
|  66|0x0000000088e00000, 0x0000000088e00000, 0x0000000088f00000|  0%| F|  |TAMS 0x0000000088e00000| PB 0x0000000088e00000| Untracked 
|  67|0x0000000088f00000, 0x0000000088fff658, 0x0000000089000000| 99%| S|CS|TAMS 0x0000000088f00000| PB 0x0000000088f00000| Complete 
|  68|0x0000000089000000, 0x0000000089100000, 0x0000000089100000|100%| S|CS|TAMS 0x0000000089000000| PB 0x0000000089000000| Complete 
|  69|0x0000000089100000, 0x0000000089200000, 0x0000000089200000|100%| S|CS|TAMS 0x0000000089100000| PB 0x0000000089100000| Complete 
|  70|0x0000000089200000, 0x0000000089200000, 0x0000000089300000|  0%| F|  |TAMS 0x0000000089200000| PB 0x0000000089200000| Untracked 
|  71|0x0000000089300000, 0x0000000089300000, 0x0000000089400000|  0%| F|  |TAMS 0x0000000089300000| PB 0x0000000089300000| Untracked 
|  72|0x0000000089400000, 0x0000000089400000, 0x0000000089500000|  0%| F|  |TAMS 0x0000000089400000| PB 0x0000000089400000| Untracked 
|  73|0x0000000089500000, 0x0000000089500000, 0x0000000089600000|  0%| F|  |TAMS 0x0000000089500000| PB 0x0000000089500000| Untracked 
|  74|0x0000000089600000, 0x0000000089600000, 0x0000000089700000|  0%| F|  |TAMS 0x0000000089600000| PB 0x0000000089600000| Untracked 
|  75|0x0000000089700000, 0x0000000089700000, 0x0000000089800000|  0%| F|  |TAMS 0x0000000089700000| PB 0x0000000089700000| Untracked 
|  76|0x0000000089800000, 0x0000000089800000, 0x0000000089900000|  0%| F|  |TAMS 0x0000000089800000| PB 0x0000000089800000| Untracked 
|  77|0x0000000089900000, 0x0000000089900000, 0x0000000089a00000|  0%| F|  |TAMS 0x0000000089900000| PB 0x0000000089900000| Untracked 
|  78|0x0000000089a00000, 0x0000000089a00000, 0x0000000089b00000|  0%| F|  |TAMS 0x0000000089a00000| PB 0x0000000089a00000| Untracked 
|  79|0x0000000089b00000, 0x0000000089c00000, 0x0000000089c00000|100%| S|CS|TAMS 0x0000000089b00000| PB 0x0000000089b00000| Complete 
|  80|0x0000000089c00000, 0x0000000089d00000, 0x0000000089d00000|100%| S|CS|TAMS 0x0000000089c00000| PB 0x0000000089c00000| Complete 
|  81|0x0000000089d00000, 0x0000000089e00000, 0x0000000089e00000|100%| S|CS|TAMS 0x0000000089d00000| PB 0x0000000089d00000| Complete 
|  82|0x0000000089e00000, 0x0000000089f00000, 0x0000000089f00000|100%| S|CS|TAMS 0x0000000089e00000| PB 0x0000000089e00000| Complete 
|  83|0x0000000089f00000, 0x000000008a000000, 0x000000008a000000|100%| S|CS|TAMS 0x0000000089f00000| PB 0x0000000089f00000| Complete 
|  84|0x000000008a000000, 0x000000008a100000, 0x000000008a100000|100%| S|CS|TAMS 0x000000008a000000| PB 0x000000008a000000| Complete 
|  85|0x000000008a100000, 0x000000008a100000, 0x000000008a200000|  0%| F|  |TAMS 0x000000008a100000| PB 0x000000008a100000| Untracked 
|  86|0x000000008a200000, 0x000000008a200000, 0x000000008a300000|  0%| F|  |TAMS 0x000000008a200000| PB 0x000000008a200000| Untracked 
|  87|0x000000008a300000, 0x000000008a300000, 0x000000008a400000|  0%| F|  |TAMS 0x000000008a300000| PB 0x000000008a300000| Untracked 
|  88|0x000000008a400000, 0x000000008a400000, 0x000000008a500000|  0%| F|  |TAMS 0x000000008a400000| PB 0x000000008a400000| Untracked 
|  89|0x000000008a500000, 0x000000008a500000, 0x000000008a600000|  0%| F|  |TAMS 0x000000008a500000| PB 0x000000008a500000| Untracked 
|  90|0x000000008a600000, 0x000000008a600000, 0x000000008a700000|  0%| F|  |TAMS 0x000000008a600000| PB 0x000000008a600000| Untracked 
|  91|0x000000008a700000, 0x000000008a700000, 0x000000008a800000|  0%| F|  |TAMS 0x000000008a700000| PB 0x000000008a700000| Untracked 
|  92|0x000000008a800000, 0x000000008a800000, 0x000000008a900000|  0%| F|  |TAMS 0x000000008a800000| PB 0x000000008a800000| Untracked 
|  93|0x000000008a900000, 0x000000008a900000, 0x000000008aa00000|  0%| F|  |TAMS 0x000000008a900000| PB 0x000000008a900000| Untracked 
|  94|0x000000008aa00000, 0x000000008aa00000, 0x000000008ab00000|  0%| F|  |TAMS 0x000000008aa00000| PB 0x000000008aa00000| Untracked 
|  95|0x000000008ab00000, 0x000000008ab00000, 0x000000008ac00000|  0%| F|  |TAMS 0x000000008ab00000| PB 0x000000008ab00000| Untracked 
|  96|0x000000008ac00000, 0x000000008ac00000, 0x000000008ad00000|  0%| F|  |TAMS 0x000000008ac00000| PB 0x000000008ac00000| Untracked 
|  97|0x000000008ad00000, 0x000000008ad00000, 0x000000008ae00000|  0%| F|  |TAMS 0x000000008ad00000| PB 0x000000008ad00000| Untracked 
|  98|0x000000008ae00000, 0x000000008ae00000, 0x000000008af00000|  0%| F|  |TAMS 0x000000008ae00000| PB 0x000000008ae00000| Untracked 
|  99|0x000000008af00000, 0x000000008af00000, 0x000000008b000000|  0%| F|  |TAMS 0x000000008af00000| PB 0x000000008af00000| Untracked 
| 100|0x000000008b000000, 0x000000008b000000, 0x000000008b100000|  0%| F|  |TAMS 0x000000008b000000| PB 0x000000008b000000| Untracked 
| 101|0x000000008b100000, 0x000000008b100000, 0x000000008b200000|  0%| F|  |TAMS 0x000000008b100000| PB 0x000000008b100000| Untracked 
| 102|0x000000008b200000, 0x000000008b200000, 0x000000008b300000|  0%| F|  |TAMS 0x000000008b200000| PB 0x000000008b200000| Untracked 
| 103|0x000000008b300000, 0x000000008b300000, 0x000000008b400000|  0%| F|  |TAMS 0x000000008b300000| PB 0x000000008b300000| Untracked 
| 104|0x000000008b400000, 0x000000008b400000, 0x000000008b500000|  0%| F|  |TAMS 0x000000008b400000| PB 0x000000008b400000| Untracked 
| 105|0x000000008b500000, 0x000000008b500000, 0x000000008b600000|  0%| F|  |TAMS 0x000000008b500000| PB 0x000000008b500000| Untracked 
| 106|0x000000008b600000, 0x000000008b600000, 0x000000008b700000|  0%| F|  |TAMS 0x000000008b600000| PB 0x000000008b600000| Untracked 
| 107|0x000000008b700000, 0x000000008b700000, 0x000000008b800000|  0%| F|  |TAMS 0x000000008b700000| PB 0x000000008b700000| Untracked 
| 108|0x000000008b800000, 0x000000008b800000, 0x000000008b900000|  0%| F|  |TAMS 0x000000008b800000| PB 0x000000008b800000| Untracked 
| 109|0x000000008b900000, 0x000000008b900000, 0x000000008ba00000|  0%| F|  |TAMS 0x000000008b900000| PB 0x000000008b900000| Untracked 
| 110|0x000000008ba00000, 0x000000008ba00000, 0x000000008bb00000|  0%| F|  |TAMS 0x000000008ba00000| PB 0x000000008ba00000| Untracked 
| 111|0x000000008bb00000, 0x000000008bb00000, 0x000000008bc00000|  0%| F|  |TAMS 0x000000008bb00000| PB 0x000000008bb00000| Untracked 
| 112|0x000000008bc00000, 0x000000008bc00000, 0x000000008bd00000|  0%| F|  |TAMS 0x000000008bc00000| PB 0x000000008bc00000| Untracked 
| 113|0x000000008bd00000, 0x000000008bd00000, 0x000000008be00000|  0%| F|  |TAMS 0x000000008bd00000| PB 0x000000008bd00000| Untracked 
| 114|0x000000008be00000, 0x000000008be80000, 0x000000008bf00000| 50%| E|  |TAMS 0x000000008be00000| PB 0x000000008be00000| Complete 
| 115|0x000000008bf00000, 0x000000008c000000, 0x000000008c000000|100%| E|CS|TAMS 0x000000008bf00000| PB 0x000000008bf00000| Complete 
| 116|0x000000008c000000, 0x000000008c100000, 0x000000008c100000|100%| E|CS|TAMS 0x000000008c000000| PB 0x000000008c000000| Complete 
| 117|0x000000008c100000, 0x000000008c200000, 0x000000008c200000|100%| E|CS|TAMS 0x000000008c100000| PB 0x000000008c100000| Complete 
| 118|0x000000008c200000, 0x000000008c300000, 0x000000008c300000|100%| E|CS|TAMS 0x000000008c200000| PB 0x000000008c200000| Complete 
| 119|0x000000008c300000, 0x000000008c400000, 0x000000008c400000|100%| E|CS|TAMS 0x000000008c300000| PB 0x000000008c300000| Complete 
| 120|0x000000008c400000, 0x000000008c500000, 0x000000008c500000|100%| E|CS|TAMS 0x000000008c400000| PB 0x000000008c400000| Complete 
| 121|0x000000008c500000, 0x000000008c600000, 0x000000008c600000|100%| E|CS|TAMS 0x000000008c500000| PB 0x000000008c500000| Complete 
| 122|0x000000008c600000, 0x000000008c700000, 0x000000008c700000|100%| E|CS|TAMS 0x000000008c600000| PB 0x000000008c600000| Complete 
| 123|0x000000008c700000, 0x000000008c800000, 0x000000008c800000|100%| E|CS|TAMS 0x000000008c700000| PB 0x000000008c700000| Complete 
| 124|0x000000008c800000, 0x000000008c900000, 0x000000008c900000|100%| E|CS|TAMS 0x000000008c800000| PB 0x000000008c800000| Complete 
| 125|0x000000008c900000, 0x000000008ca00000, 0x000000008ca00000|100%| E|CS|TAMS 0x000000008c900000| PB 0x000000008c900000| Complete 
| 126|0x000000008ca00000, 0x000000008cb00000, 0x000000008cb00000|100%| E|CS|TAMS 0x000000008ca00000| PB 0x000000008ca00000| Complete 
| 127|0x000000008cb00000, 0x000000008cc00000, 0x000000008cc00000|100%| E|CS|TAMS 0x000000008cb00000| PB 0x000000008cb00000| Complete 
| 128|0x000000008cc00000, 0x000000008cd00000, 0x000000008cd00000|100%| E|CS|TAMS 0x000000008cc00000| PB 0x000000008cc00000| Complete 
| 129|0x000000008cd00000, 0x000000008ce00000, 0x000000008ce00000|100%| E|CS|TAMS 0x000000008cd00000| PB 0x000000008cd00000| Complete 
| 130|0x000000008ce00000, 0x000000008cf00000, 0x000000008cf00000|100%| E|CS|TAMS 0x000000008ce00000| PB 0x000000008ce00000| Complete 
| 131|0x000000008cf00000, 0x000000008d000000, 0x000000008d000000|100%| E|CS|TAMS 0x000000008cf00000| PB 0x000000008cf00000| Complete 
| 132|0x000000008d000000, 0x000000008d100000, 0x000000008d100000|100%| E|CS|TAMS 0x000000008d000000| PB 0x000000008d000000| Complete 
| 133|0x000000008d100000, 0x000000008d200000, 0x000000008d200000|100%| E|CS|TAMS 0x000000008d100000| PB 0x000000008d100000| Complete 
| 134|0x000000008d200000, 0x000000008d300000, 0x000000008d300000|100%| E|CS|TAMS 0x000000008d200000| PB 0x000000008d200000| Complete 
| 135|0x000000008d300000, 0x000000008d400000, 0x000000008d400000|100%| E|CS|TAMS 0x000000008d300000| PB 0x000000008d300000| Complete 
| 136|0x000000008d400000, 0x000000008d500000, 0x000000008d500000|100%| E|CS|TAMS 0x000000008d400000| PB 0x000000008d400000| Complete 
| 137|0x000000008d500000, 0x000000008d600000, 0x000000008d600000|100%| E|CS|TAMS 0x000000008d500000| PB 0x000000008d500000| Complete 
| 138|0x000000008d600000, 0x000000008d700000, 0x000000008d700000|100%| E|CS|TAMS 0x000000008d600000| PB 0x000000008d600000| Complete 
| 139|0x000000008d700000, 0x000000008d800000, 0x000000008d800000|100%| E|CS|TAMS 0x000000008d700000| PB 0x000000008d700000| Complete 
| 140|0x000000008d800000, 0x000000008d900000, 0x000000008d900000|100%| E|CS|TAMS 0x000000008d800000| PB 0x000000008d800000| Complete 
| 141|0x000000008d900000, 0x000000008da00000, 0x000000008da00000|100%| E|CS|TAMS 0x000000008d900000| PB 0x000000008d900000| Complete 
| 142|0x000000008da00000, 0x000000008db00000, 0x000000008db00000|100%| E|CS|TAMS 0x000000008da00000| PB 0x000000008da00000| Complete 
|1971|0x00000000fff00000, 0x0000000100000000, 0x0000000100000000|100%| O|  |TAMS 0x00000000fff00000| PB 0x00000000fff00000| Untracked 

Card table byte_map: [0x000001d57cc30000,0x000001d57d010000] _byte_map_base: 0x000001d57c80a000

Marking Bits: (CMBitMap*) 0x000001d56a41c5f0
 Bits: [0x000001d57d010000, 0x000001d57eee0000)

Polling page: 0x000001d5683f0000

Metaspace:

Usage:
  Non-class:     58.95 MB used.
      Class:      7.31 MB used.
       Both:     66.26 MB used.

Virtual space:
  Non-class space:       64.00 MB reserved,      59.06 MB ( 92%) committed,  1 nodes.
      Class space:        1.00 GB reserved,       7.44 MB ( <1%) committed,  1 nodes.
             Both:        1.06 GB reserved,      66.50 MB (  6%) committed. 

Chunk freelists:
   Non-Class:  4.31 MB
       Class:  8.58 MB
        Both:  12.89 MB

MaxMetaspaceSize: unlimited
CompressedClassSpaceSize: 1.00 GB
Initial GC threshold: 21.00 MB
Current GC threshold: 90.88 MB
CDS: off
 - commit_granule_bytes: 65536.
 - commit_granule_words: 8192.
 - virtual_space_node_default_size: 8388608.
 - enlarge_chunks_in_place: 1.
 - use_allocation_guard: 0.


Internal statistics:

num_allocs_failed_limit: 6.
num_arena_births: 298.
num_arena_deaths: 0.
num_vsnodes_births: 2.
num_vsnodes_deaths: 0.
num_space_committed: 1063.
num_space_uncommitted: 0.
num_chunks_returned_to_freelist: 6.
num_chunks_taken_from_freelist: 2319.
num_chunk_merges: 6.
num_chunk_splits: 1972.
num_chunks_enlarged: 1811.
num_inconsistent_stats: 0.

CodeHeap 'non-profiled nmethods': size=120000Kb used=4409Kb max_used=4409Kb free=115591Kb
 bounds [0x000001d574ff0000, 0x000001d575440000, 0x000001d57c520000]
CodeHeap 'profiled nmethods': size=120000Kb used=28841Kb max_used=28841Kb free=91158Kb
 bounds [0x000001d56d520000, 0x000001d56f150000, 0x000001d574a50000]
CodeHeap 'non-nmethods': size=5760Kb used=1959Kb max_used=1977Kb free=3800Kb
 bounds [0x000001d574a50000, 0x000001d574cc0000, 0x000001d574ff0000]
CodeCache: size=245760Kb, used=35209Kb, max_used=35227Kb, free=210549Kb
 total_blobs=9118, nmethods=8345, adapters=676, full_count=0
Compilation: enabled, stopped_count=0, restarted_count=0

Compilation events (20 events):
Event: 32.454 Thread 0x000001d57fb19010 nmethod 8987 0x000001d56f139910 code [0x000001d56f139ac0, 0x000001d56f139c08]
Event: 32.456 Thread 0x000001d57fb19010 8988       3       org.jetbrains.kotlin.fir.UtilsKt::copy (133 bytes)
Event: 32.467 Thread 0x000001d57fb19010 nmethod 8988 0x000001d56f139c90 code [0x000001d56f13a220, 0x000001d56f13cdb0]
Event: 32.467 Thread 0x000001d57fb19010 8989       3       org.jetbrains.kotlin.fir.UtilsKt::copyStatusAttributes (113 bytes)
Event: 32.471 Thread 0x000001d57fb19010 nmethod 8989 0x000001d56f13df10 code [0x000001d56f13e260, 0x000001d56f13f838]
Event: 32.471 Thread 0x000001d57fb19010 8990       3       org.jetbrains.kotlin.fir.scopes.impl.FirFakeOverrideGenerator::createSubstitutionOverrideFunction$default (129 bytes)
Event: 32.473 Thread 0x000001d57fb19010 nmethod 8990 0x000001d56f140310 code [0x000001d56f140520, 0x000001d56f140cf8]
Event: 32.473 Thread 0x000001d57fb19010 8991       3       org.jetbrains.kotlin.fir.scopes.impl.FirFakeOverrideGenerator::checkStatusIsResolved (154 bytes)
Event: 32.475 Thread 0x000001d57fb19010 nmethod 8991 0x000001d56f140f90 code [0x000001d56f141280, 0x000001d56f141f48]
Event: 32.475 Thread 0x000001d57fb19010 8992       3       org.jetbrains.kotlin.fir.types.TypeUtilsKt::withReplacedReturnType (59 bytes)
Event: 32.477 Thread 0x000001d57fb19010 nmethod 8992 0x000001d56f142490 code [0x000001d56f142700, 0x000001d56f143048]
Event: 32.477 Thread 0x000001d57fb19010 8993       3       org.jetbrains.kotlin.fir.scopes.impl.FirFakeOverrideGenerator::shouldOverrideSetContainingClass (39 bytes)
Event: 32.480 Thread 0x000001d57fb19010 nmethod 8993 0x000001d56f143390 code [0x000001d56f143620, 0x000001d56f1441f0]
Event: 32.480 Thread 0x000001d57fb19010 8994       3       org.jetbrains.kotlin.fir.ClassMembersKt::setOriginalForSubstitutionOverrideAttr (23 bytes)
Event: 32.483 Thread 0x000001d57fb19010 nmethod 8994 0x000001d56f144610 code [0x000001d56f1449e0, 0x000001d56f145ed0]
Event: 32.483 Thread 0x000001d57fb19010 8996       3       org.jetbrains.kotlin.fir.scopes.impl.FirFakeOverrideGenerator::createSubstitutionOverrideFunction (55 bytes)
Event: 32.488 Thread 0x000001d57fb19010 nmethod 8996 0x000001d56f146710 code [0x000001d56f146aa0, 0x000001d56f147df0]
Event: 32.488 Thread 0x000001d57fb19010 8997       3       org.jetbrains.kotlin.fir.scopes.impl.FirFakeOverrideGenerator::createSubstitutionOverrideFunction (61 bytes)
Event: 32.493 Thread 0x000001d57fb19010 nmethod 8997 0x000001d56f148590 code [0x000001d56f148960, 0x000001d56f149ea0]
Event: 33.479 Thread 0x000001d57fb19010 8998       3       org.jetbrains.kotlin.fir.scopes.impl.FirFakeOverrideGenerator::createCopyForFirFunction (381 bytes)

GC Heap History (20 events):
Event: 7.503 GC heap before
{Heap before GC invocations=11 (full 0):
 garbage-first heap   total 46080K, used 38523K [0x0000000084c00000, 0x0000000100000000)
  region size 1024K, 19 young (19456K), 3 survivors (3072K)
 Metaspace       used 48585K, committed 48768K, reserved 1114112K
  class space    used 5730K, committed 5824K, reserved 1048576K
}
Event: 7.523 GC heap after
{Heap after GC invocations=12 (full 0):
 garbage-first heap   total 47104K, used 27348K [0x0000000084c00000, 0x0000000100000000)
  region size 1024K, 3 young (3072K), 3 survivors (3072K)
 Metaspace       used 48585K, committed 48768K, reserved 1114112K
  class space    used 5730K, committed 5824K, reserved 1048576K
}
Event: 7.645 GC heap before
{Heap before GC invocations=12 (full 0):
 garbage-first heap   total 47104K, used 32468K [0x0000000084c00000, 0x0000000100000000)
  region size 1024K, 9 young (9216K), 3 survivors (3072K)
 Metaspace       used 48823K, committed 49024K, reserved 1114112K
  class space    used 5756K, committed 5824K, reserved 1048576K
}
Event: 7.657 GC heap after
{Heap after GC invocations=13 (full 0):
 garbage-first heap   total 47104K, used 30051K [0x0000000084c00000, 0x0000000100000000)
  region size 1024K, 2 young (2048K), 2 survivors (2048K)
 Metaspace       used 48823K, committed 49024K, reserved 1114112K
  class space    used 5756K, committed 5824K, reserved 1048576K
}
Event: 7.726 GC heap before
{Heap before GC invocations=14 (full 0):
 garbage-first heap   total 53248K, used 40291K [0x0000000084c00000, 0x0000000100000000)
  region size 1024K, 11 young (11264K), 2 survivors (2048K)
 Metaspace       used 48853K, committed 49024K, reserved 1114112K
  class space    used 5756K, committed 5824K, reserved 1048576K
}
Event: 7.738 GC heap after
{Heap after GC invocations=15 (full 0):
 garbage-first heap   total 64512K, used 34438K [0x0000000084c00000, 0x0000000100000000)
  region size 1024K, 2 young (2048K), 2 survivors (2048K)
 Metaspace       used 48853K, committed 49024K, reserved 1114112K
  class space    used 5756K, committed 5824K, reserved 1048576K
}
Event: 8.386 GC heap before
{Heap before GC invocations=15 (full 0):
 garbage-first heap   total 64512K, used 49798K [0x0000000084c00000, 0x0000000100000000)
  region size 1024K, 18 young (18432K), 2 survivors (2048K)
 Metaspace       used 50003K, committed 50176K, reserved 1114112K
  class space    used 5896K, committed 5952K, reserved 1048576K
}
Event: 8.400 GC heap after
{Heap after GC invocations=16 (full 0):
 garbage-first heap   total 64512K, used 38712K [0x0000000084c00000, 0x0000000100000000)
  region size 1024K, 3 young (3072K), 3 survivors (3072K)
 Metaspace       used 50003K, committed 50176K, reserved 1114112K
  class space    used 5896K, committed 5952K, reserved 1048576K
}
Event: 8.853 GC heap before
{Heap before GC invocations=16 (full 0):
 garbage-first heap   total 64512K, used 53048K [0x0000000084c00000, 0x0000000100000000)
  region size 1024K, 17 young (17408K), 3 survivors (3072K)
 Metaspace       used 51468K, committed 51648K, reserved 1114112K
  class space    used 6045K, committed 6144K, reserved 1048576K
}
Event: 8.867 GC heap after
{Heap after GC invocations=17 (full 0):
 garbage-first heap   total 64512K, used 42354K [0x0000000084c00000, 0x0000000100000000)
  region size 1024K, 3 young (3072K), 3 survivors (3072K)
 Metaspace       used 51468K, committed 51648K, reserved 1114112K
  class space    used 6045K, committed 6144K, reserved 1048576K
}
Event: 9.845 GC heap before
{Heap before GC invocations=18 (full 0):
 garbage-first heap   total 71680K, used 53618K [0x0000000084c00000, 0x0000000100000000)
  region size 1024K, 14 young (14336K), 3 survivors (3072K)
 Metaspace       used 53547K, committed 53760K, reserved 1114112K
  class space    used 6287K, committed 6400K, reserved 1048576K
}
Event: 9.858 GC heap after
{Heap after GC invocations=19 (full 0):
 garbage-first heap   total 71680K, used 44006K [0x0000000084c00000, 0x0000000100000000)
  region size 1024K, 2 young (2048K), 2 survivors (2048K)
 Metaspace       used 53547K, committed 53760K, reserved 1114112K
  class space    used 6287K, committed 6400K, reserved 1048576K
}
Event: 11.300 GC heap before
{Heap before GC invocations=19 (full 0):
 garbage-first heap   total 71680K, used 60390K [0x0000000084c00000, 0x0000000100000000)
  region size 1024K, 18 young (18432K), 2 survivors (2048K)
 Metaspace       used 54749K, committed 54976K, reserved 1114112K
  class space    used 6418K, committed 6528K, reserved 1048576K
}
Event: 11.316 GC heap after
{Heap after GC invocations=20 (full 0):
 garbage-first heap   total 71680K, used 47104K [0x0000000084c00000, 0x0000000100000000)
  region size 1024K, 3 young (3072K), 3 survivors (3072K)
 Metaspace       used 54749K, committed 54976K, reserved 1114112K
  class space    used 6418K, committed 6528K, reserved 1048576K
}
Event: 12.798 GC heap before
{Heap before GC invocations=20 (full 0):
 garbage-first heap   total 71680K, used 61440K [0x0000000084c00000, 0x0000000100000000)
  region size 1024K, 17 young (17408K), 3 survivors (3072K)
 Metaspace       used 55542K, committed 55744K, reserved 1114112K
  class space    used 6459K, committed 6528K, reserved 1048576K
}
Event: 12.816 GC heap after
{Heap after GC invocations=21 (full 0):
 garbage-first heap   total 147456K, used 50942K [0x0000000084c00000, 0x0000000100000000)
  region size 1024K, 3 young (3072K), 3 survivors (3072K)
 Metaspace       used 55542K, committed 55744K, reserved 1114112K
  class space    used 6459K, committed 6528K, reserved 1048576K
}
Event: 19.162 GC heap before
{Heap before GC invocations=22 (full 0):
 garbage-first heap   total 147456K, used 114430K [0x0000000084c00000, 0x0000000100000000)
  region size 1024K, 67 young (68608K), 3 survivors (3072K)
 Metaspace       used 60560K, committed 60864K, reserved 1114112K
  class space    used 6822K, committed 6976K, reserved 1048576K
}
Event: 19.194 GC heap after
{Heap after GC invocations=23 (full 0):
 garbage-first heap   total 147456K, used 59798K [0x0000000084c00000, 0x0000000100000000)
  region size 1024K, 9 young (9216K), 9 survivors (9216K)
 Metaspace       used 60560K, committed 60864K, reserved 1114112K
  class space    used 6822K, committed 6976K, reserved 1048576K
}
Event: 31.831 GC heap before
{Heap before GC invocations=23 (full 0):
 garbage-first heap   total 147456K, used 118166K [0x0000000084c00000, 0x0000000100000000)
  region size 1024K, 67 young (68608K), 9 survivors (9216K)
 Metaspace       used 67447K, committed 67712K, reserved 1114112K
  class space    used 7458K, committed 7616K, reserved 1048576K
}
Event: 31.908 GC heap after
{Heap after GC invocations=24 (full 0):
 garbage-first heap   total 147456K, used 69493K [0x0000000084c00000, 0x0000000100000000)
  region size 1024K, 9 young (9216K), 9 survivors (9216K)
 Metaspace       used 67447K, committed 67712K, reserved 1114112K
  class space    used 7458K, committed 7616K, reserved 1048576K
}

Dll operation events (3 events):
Event: 0.019 Loaded shared library C:\Program Files\Android\Android Studio\jbr\bin\java.dll
Event: 0.032 Loaded shared library C:\Program Files\Android\Android Studio\jbr\bin\zip.dll
Event: 2.062 Loaded shared library C:\Program Files\Android\Android Studio\jbr\bin\verify.dll

Deoptimization events (20 events):
Event: 31.534 Thread 0x000001d567f7f130 DEOPT PACKING pc=0x000001d5752df2bc sp=0x0000000361bfd6e0
Event: 31.534 Thread 0x000001d567f7f130 DEOPT UNPACKING pc=0x000001d574aa7da2 sp=0x0000000361bfd6a8 mode 2
Event: 31.535 Thread 0x000001d567f7f130 Uncommon trap: trap_request=0xffffffde fr.pc=0x000001d5751b9408 relative=0x0000000000000848
Event: 31.535 Thread 0x000001d567f7f130 Uncommon trap: reason=class_check action=maybe_recompile pc=0x000001d5751b9408 method=org.jetbrains.kotlin.types.model.TypeSystemContext.lowerBoundIfFlexible(Lorg/jetbrains/kotlin/types/model/KotlinTypeMarker;)Lorg/jetbrains/kotlin/types/model/SimpleTypeM
Event: 31.535 Thread 0x000001d567f7f130 DEOPT PACKING pc=0x000001d5751b9408 sp=0x0000000361bfd6e0
Event: 31.535 Thread 0x000001d567f7f130 DEOPT UNPACKING pc=0x000001d574aa7da2 sp=0x0000000361bfd6a8 mode 2
Event: 31.535 Thread 0x000001d567f7f130 Uncommon trap: trap_request=0xffffffde fr.pc=0x000001d5752df2bc relative=0x000000000000085c
Event: 31.535 Thread 0x000001d567f7f130 Uncommon trap: reason=class_check action=maybe_recompile pc=0x000001d5752df2bc method=org.jetbrains.kotlin.types.model.TypeSystemContext.upperBoundIfFlexible(Lorg/jetbrains/kotlin/types/model/KotlinTypeMarker;)Lorg/jetbrains/kotlin/types/model/SimpleTypeM
Event: 31.535 Thread 0x000001d567f7f130 DEOPT PACKING pc=0x000001d5752df2bc sp=0x0000000361bfd6e0
Event: 31.535 Thread 0x000001d567f7f130 DEOPT UNPACKING pc=0x000001d574aa7da2 sp=0x0000000361bfd6a8 mode 2
Event: 31.535 Thread 0x000001d567f7f130 Uncommon trap: trap_request=0xffffffde fr.pc=0x000001d5751b9408 relative=0x0000000000000848
Event: 31.535 Thread 0x000001d567f7f130 Uncommon trap: reason=class_check action=maybe_recompile pc=0x000001d5751b9408 method=org.jetbrains.kotlin.types.model.TypeSystemContext.lowerBoundIfFlexible(Lorg/jetbrains/kotlin/types/model/KotlinTypeMarker;)Lorg/jetbrains/kotlin/types/model/SimpleTypeM
Event: 31.536 Thread 0x000001d567f7f130 DEOPT PACKING pc=0x000001d5751b9408 sp=0x0000000361bfd790
Event: 31.536 Thread 0x000001d567f7f130 DEOPT UNPACKING pc=0x000001d574aa7da2 sp=0x0000000361bfd768 mode 2
Event: 32.327 Thread 0x000001d567f7f130 Uncommon trap: trap_request=0xffffffcc fr.pc=0x000001d57543ce9c relative=0x000000000000025c
Event: 32.327 Thread 0x000001d567f7f130 Uncommon trap: reason=intrinsic_or_type_checked_inlining action=make_not_entrant pc=0x000001d57543ce9c method=java.util.ArrayList.toArray([Ljava/lang/Object;)[Ljava/lang/Object; @ 36 c2
Event: 32.327 Thread 0x000001d567f7f130 DEOPT PACKING pc=0x000001d57543ce9c sp=0x0000000361bfcec0
Event: 32.327 Thread 0x000001d567f7f130 DEOPT UNPACKING pc=0x000001d574aa7da2 sp=0x0000000361bfce90 mode 2
Event: 33.542 Thread 0x000001d567f7f130 Uncommon trap: trap_request=0xffffff66 fr.pc=0x000001d575423674 relative=0x00000000000000b4
Event: 34.537 Thread 0x000001d567f7f130 Uncommon trap: reason=speculate_class_check action=maybe_recompile pc=0x000001d575423674 method=org.jetbrains.kotlin.fir.declarations.FirDeclarationDataRegistry$DeclarationDataAccessor.getValue(Lorg/jetbrains/kotlin/fir/declarations/FirDeclaration;Lkotlin

Classes loaded (20 events):
Event: 24.388 Loading class java/util/ServiceLoader$2
Event: 24.388 Loading class java/util/ServiceLoader$2 done
Event: 24.388 Loading class java/util/ServiceLoader$3
Event: 24.389 Loading class java/util/ServiceLoader$3 done
Event: 24.395 Loading class java/util/Collections$EmptyEnumeration
Event: 24.395 Loading class java/util/Collections$EmptyEnumeration done
Event: 24.396 Loading class jdk/internal/loader/BuiltinClassLoader$1
Event: 24.401 Loading class jdk/internal/loader/BuiltinClassLoader$1 done
Event: 24.411 Loading class java/lang/CompoundEnumeration
Event: 24.412 Loading class java/lang/CompoundEnumeration done
Event: 24.412 Loading class jdk/internal/loader/URLClassPath$1
Event: 24.413 Loading class jdk/internal/loader/URLClassPath$1 done
Event: 24.435 Loading class java/util/ServiceLoader$1
Event: 24.435 Loading class java/util/ServiceLoader$1 done
Event: 24.475 Loading class java/util/ServiceLoader$ProviderImpl
Event: 24.477 Loading class java/util/ServiceLoader$Provider
Event: 24.478 Loading class java/util/ServiceLoader$Provider done
Event: 24.478 Loading class java/util/ServiceLoader$ProviderImpl done
Event: 25.564 Loading class java/security/CodeSigner
Event: 25.564 Loading class java/security/CodeSigner done

Classes unloaded (0 events):
No events

Classes redefined (0 events):
No events

Internal exceptions (20 events):
Event: 10.058 Thread 0x000001d567f7f130 Exception <a 'java/lang/NoSuchMethodError'{0x000000008b11e6a8}: 'java.lang.Object java.lang.invoke.DirectMethodHandle$Holder.invokeStatic(java.lang.Object, int, java.lang.Object, java.lang.Object, java.lang.Object, java.lang.Object, java.lang.Object)'> (0x000000008b11e6a8) 
thrown [s\src\hotspot\share\interpreter\linkResolver.cpp, line 784]
Event: 10.061 Thread 0x000001d567f7f130 Exception <a 'java/lang/NoSuchMethodError'{0x000000008b127b58}: 'java.lang.Object java.lang.invoke.DirectMethodHandle$Holder.newInvokeSpecial(java.lang.Object, int, java.lang.Object, java.lang.Object, java.lang.Object)'> (0x000000008b127b58) 
thrown [s\src\hotspot\share\interpreter\linkResolver.cpp, line 784]
Event: 10.062 Thread 0x000001d567f7f130 Exception <a 'java/lang/NoSuchMethodError'{0x000000008b12f528}: 'java.lang.Object java.lang.invoke.Invokers$Holder.linkToTargetMethod(int, java.lang.Object, java.lang.Object, java.lang.Object, java.lang.Object)'> (0x000000008b12f528) 
thrown [s\src\hotspot\share\interpreter\linkResolver.cpp, line 784]
Event: 10.077 Thread 0x000001d567f7f130 Exception <a 'java/lang/NoSuchMethodError'{0x000000008b1593a0}: 'java.lang.Object java.lang.invoke.DirectMethodHandle$Holder.invokeStatic(java.lang.Object, java.lang.Object, java.lang.Object, int, java.lang.Object, java.lang.Object)'> (0x000000008b1593a0) 
thrown [s\src\hotspot\share\interpreter\linkResolver.cpp, line 784]
Event: 13.742 Thread 0x000001d567f7f130 Exception <a 'java/lang/NoSuchMethodError'{0x000000008ce8d310}: 'java.lang.Object java.lang.invoke.DirectMethodHandle$Holder.newInvokeSpecial(java.lang.Object, java.lang.Object, java.lang.Object, java.lang.Object, java.lang.Object, int)'> (0x000000008ce8d310) 
thrown [s\src\hotspot\share\interpreter\linkResolver.cpp, line 784]
Event: 13.742 Thread 0x000001d567f7f130 Exception <a 'java/lang/NoSuchMethodError'{0x000000008ce92108}: 'java.lang.Object java.lang.invoke.DirectMethodHandle$Holder.invokeSpecial(java.lang.Object, java.lang.Object, java.lang.Object, java.lang.Object, java.lang.Object, java.lang.Object, int)'> (0x000000008ce92108) 
thrown [s\src\hotspot\share\interpreter\linkResolver.cpp, line 784]
Event: 13.743 Thread 0x000001d567f7f130 Exception <a 'java/lang/NoSuchMethodError'{0x000000008ce964a0}: 'java.lang.Object java.lang.invoke.Invokers$Holder.linkToTargetMethod(java.lang.Object, java.lang.Object, java.lang.Object, java.lang.Object, int, java.lang.Object)'> (0x000000008ce964a0) 
thrown [s\src\hotspot\share\interpreter\linkResolver.cpp, line 784]
Event: 15.185 Thread 0x000001d567f7f130 Implicit null exception at 0x000001d5750c29e3 to 0x000001d5750c2a79
Event: 15.284 Thread 0x000001d567f7f130 Implicit null exception at 0x000001d5751972e3 to 0x000001d575197458
Event: 16.854 Thread 0x000001d567f7f130 Exception <a 'java/lang/NoSuchMethodError'{0x000000008b3ca1c0}: 'java.lang.Object java.lang.invoke.DirectMethodHandle$Holder.newInvokeSpecial(java.lang.Object, java.lang.Object, int, java.lang.Object, java.lang.Object, java.lang.Object)'> (0x000000008b3ca1c0) 
thrown [s\src\hotspot\share\interpreter\linkResolver.cpp, line 784]
Event: 16.855 Thread 0x000001d567f7f130 Exception <a 'java/lang/NoSuchMethodError'{0x000000008b3ce340}: 'java.lang.Object java.lang.invoke.DirectMethodHandle$Holder.invokeSpecial(java.lang.Object, java.lang.Object, java.lang.Object, int, java.lang.Object, java.lang.Object, java.lang.Object)'> (0x000000008b3ce340) 
thrown [s\src\hotspot\share\interpreter\linkResolver.cpp, line 784]
Event: 16.855 Thread 0x000001d567f7f130 Exception <a 'java/lang/NoSuchMethodError'{0x000000008b3d19b8}: 'java.lang.Object java.lang.invoke.Invokers$Holder.linkToTargetMethod(java.lang.Object, int, java.lang.Object, java.lang.Object, java.lang.Object, java.lang.Object)'> (0x000000008b3d19b8) 
thrown [s\src\hotspot\share\interpreter\linkResolver.cpp, line 784]
Event: 25.252 Thread 0x000001d567f7f130 Implicit null exception at 0x000001d575140ea2 to 0x000001d575141330
Event: 25.284 Thread 0x000001d567f7f130 Implicit null exception at 0x000001d575130f22 to 0x000001d5751313b0
Event: 27.557 Thread 0x000001d567f7f130 Exception <a 'java/lang/NoSuchMethodError'{0x000000008acd9a38}: 'java.lang.Object java.lang.invoke.DirectMethodHandle$Holder.newInvokeSpecial(java.lang.Object, java.lang.Object, java.lang.Object, java.lang.Object, java.lang.Object, java.lang.Object, java.lang.Object, java.lang.Object, int)'> (0x000000008acd9a38) 
thrown [s\src\hotspot\share\interpreter\linkResolver.cpp, line 784]
Event: 27.559 Thread 0x000001d567f7f130 Exception <a 'java/lang/NoSuchMethodError'{0x000000008acde828}: 'java.lang.Object java.lang.invoke.DirectMethodHandle$Holder.invokeSpecial(java.lang.Object, java.lang.Object, java.lang.Object, java.lang.Object, java.lang.Object, java.lang.Object, java.lang.Object, java.lang.Object, java.lang.Object, int)'> (0x000000008acde828) 
thrown [s\src\hotspot\share\interpreter\linkResolver.cpp, line 784]
Event: 28.018 Thread 0x000001d567f7f130 Exception <a 'java/lang/NoSuchMethodError'{0x000000008a95ee90}: 'java.lang.Object java.lang.invoke.DirectMethodHandle$Holder.invokeStatic(java.lang.Object, java.lang.Object, int, int)'> (0x000000008a95ee90) 
thrown [s\src\hotspot\share\interpreter\linkResolver.cpp, line 784]
Event: 28.029 Thread 0x000001d567f7f130 Exception <a 'java/lang/NoSuchMethodError'{0x000000008a965bf8}: 'java.lang.Object java.lang.invoke.DirectMethodHandle$Holder.newInvokeSpecial(java.lang.Object, java.lang.Object, int, int)'> (0x000000008a965bf8) 
thrown [s\src\hotspot\share\interpreter\linkResolver.cpp, line 784]
Event: 28.031 Thread 0x000001d567f7f130 Exception <a 'java/lang/NoSuchMethodError'{0x000000008a969f30}: 'java.lang.Object java.lang.invoke.DirectMethodHandle$Holder.invokeSpecial(java.lang.Object, java.lang.Object, java.lang.Object, int, int)'> (0x000000008a969f30) 
thrown [s\src\hotspot\share\interpreter\linkResolver.cpp, line 784]
Event: 28.031 Thread 0x000001d567f7f130 Exception <a 'java/lang/NoSuchMethodError'{0x000000008a96db50}: 'java.lang.Object java.lang.invoke.Invokers$Holder.linkToTargetMethod(java.lang.Object, int, int, java.lang.Object)'> (0x000000008a96db50) 
thrown [s\src\hotspot\share\interpreter\linkResolver.cpp, line 784]

ZGC Phase Switch (0 events):
No events

VM Operations (20 events):
Event: 26.589 Executing VM operation: Cleanup
Event: 26.605 Executing VM operation: Cleanup done
Event: 26.742 Executing VM operation: HandshakeAllThreads (Deoptimize)
Event: 26.742 Executing VM operation: HandshakeAllThreads (Deoptimize) done
Event: 27.745 Executing VM operation: Cleanup
Event: 27.746 Executing VM operation: Cleanup done
Event: 28.748 Executing VM operation: Cleanup
Event: 28.748 Executing VM operation: Cleanup done
Event: 29.750 Executing VM operation: Cleanup
Event: 29.766 Executing VM operation: Cleanup done
Event: 30.769 Executing VM operation: Cleanup
Event: 30.785 Executing VM operation: Cleanup done
Event: 31.789 Executing VM operation: Cleanup
Event: 31.790 Executing VM operation: Cleanup done
Event: 31.829 Executing VM operation: G1CollectForAllocation (G1 Evacuation Pause)
Event: 31.908 Executing VM operation: G1CollectForAllocation (G1 Evacuation Pause) done
Event: 32.914 Executing VM operation: Cleanup
Event: 33.479 Executing VM operation: Cleanup done
Event: 34.485 Executing VM operation: Cleanup
Event: 34.554 Executing VM operation: Cleanup done

Memory protections (0 events):
No events

Nmethod flushes (20 events):
Event: 12.893 Thread 0x000001d57fa88520 flushing  nmethod 0x000001d56d5b6690
Event: 12.893 Thread 0x000001d57fa88520 flushing  nmethod 0x000001d56d5f5910
Event: 12.893 Thread 0x000001d57fa88520 flushing  nmethod 0x000001d56d6cde10
Event: 12.893 Thread 0x000001d57fa88520 flushing  nmethod 0x000001d56d711110
Event: 12.893 Thread 0x000001d57fa88520 flushing  nmethod 0x000001d56d80df10
Event: 12.893 Thread 0x000001d57fa88520 flushing  nmethod 0x000001d56d926a90
Event: 12.893 Thread 0x000001d57fa88520 flushing  nmethod 0x000001d56d9acf90
Event: 12.893 Thread 0x000001d57fa88520 flushing  nmethod 0x000001d56d9b1310
Event: 12.893 Thread 0x000001d57fa88520 flushing  nmethod 0x000001d56d9b3b90
Event: 12.893 Thread 0x000001d57fa88520 flushing  nmethod 0x000001d56d9b4710
Event: 12.893 Thread 0x000001d57fa88520 flushing  nmethod 0x000001d56d9c6510
Event: 12.893 Thread 0x000001d57fa88520 flushing  nmethod 0x000001d56d9e0810
Event: 12.893 Thread 0x000001d57fa88520 flushing  nmethod 0x000001d56d9f9910
Event: 12.893 Thread 0x000001d57fa88520 flushing  nmethod 0x000001d56da0ba10
Event: 12.893 Thread 0x000001d57fa88520 flushing  nmethod 0x000001d56da1c490
Event: 12.893 Thread 0x000001d57fa88520 flushing  nmethod 0x000001d56da83790
Event: 12.893 Thread 0x000001d57fa88520 flushing  nmethod 0x000001d56dc2c590
Event: 12.893 Thread 0x000001d57fa88520 flushing  nmethod 0x000001d56dc36210
Event: 12.893 Thread 0x000001d57fa88520 flushing  nmethod 0x000001d56dcd0010
Event: 12.893 Thread 0x000001d57fa88520 flushing  nmethod 0x000001d56dcd1990

Events (20 events):
Event: 0.279 Thread 0x000001d57faf3290 Thread added: 0x000001d57fd39160
Event: 0.279 Thread 0x000001d57faf3290 Thread added: 0x000001d57fd39810
Event: 0.299 Loaded shared library C:\Program Files\Android\Android Studio\jbr\bin\zip.dll
Event: 0.365 Loaded shared library C:\Program Files\Android\Android Studio\jbr\bin\jimage.dll
Event: 0.604 Thread 0x000001d57fd39810 Thread exited: 0x000001d57fd39810
Event: 0.756 Thread 0x000001d57fd39160 Thread exited: 0x000001d57fd39160
Event: 1.867 Thread 0x000001d57fb19010 Thread added: 0x000001d506b87d40
Event: 1.905 Thread 0x000001d57faf3290 Thread added: 0x000001d506f4a530
Event: 3.083 Thread 0x000001d506f4a530 Thread exited: 0x000001d506f4a530
Event: 3.253 Thread 0x000001d506b87d40 Thread exited: 0x000001d506b87d40
Event: 4.102 Thread 0x000001d57fb19010 Thread added: 0x000001d5079673e0
Event: 4.239 Thread 0x000001d5079673e0 Thread exited: 0x000001d5079673e0
Event: 4.293 Thread 0x000001d57fb19010 Thread added: 0x000001d507c26650
Event: 5.586 Thread 0x000001d507c26650 Thread exited: 0x000001d507c26650
Event: 7.225 Thread 0x000001d57fb19010 Thread added: 0x000001d50824e8d0
Event: 11.583 Thread 0x000001d50824e8d0 Thread exited: 0x000001d50824e8d0
Event: 15.401 Thread 0x000001d57fb19010 Thread added: 0x000001d50c455010
Event: 16.774 Thread 0x000001d50c455010 Thread exited: 0x000001d50c455010
Event: 18.685 Thread 0x000001d57fb19010 Thread added: 0x000001d5085b5410
Event: 24.368 Thread 0x000001d5085b5410 Thread exited: 0x000001d5085b5410


Dynamic libraries:
0x00007ff7c2f00000 - 0x00007ff7c2f0a000 	C:\Program Files\Android\Android Studio\jbr\bin\java.exe
0x00007ffaec120000 - 0x00007ffaec388000 	C:\WINDOWS\SYSTEM32\ntdll.dll
0x00007ffaeb2d0000 - 0x00007ffaeb399000 	C:\WINDOWS\System32\KERNEL32.DLL
0x00007ffae9270000 - 0x00007ffae9668000 	C:\WINDOWS\System32\KERNELBASE.dll
0x00007ffae9c30000 - 0x00007ffae9d7b000 	C:\WINDOWS\System32\ucrtbase.dll
0x00007ffac52b0000 - 0x00007ffac52c8000 	C:\Program Files\Android\Android Studio\jbr\bin\jli.dll
0x00007ffae3e30000 - 0x00007ffae3e4b000 	C:\Program Files\Android\Android Studio\jbr\bin\VCRUNTIME140.dll
0x00007ffaebea0000 - 0x00007ffaec067000 	C:\WINDOWS\System32\USER32.dll
0x00007ffae9c00000 - 0x00007ffae9c27000 	C:\WINDOWS\System32\win32u.dll
0x00007ffaea8a0000 - 0x00007ffaea8cb000 	C:\WINDOWS\System32\GDI32.dll
0x00007ffae9720000 - 0x00007ffae984c000 	C:\WINDOWS\System32\gdi32full.dll
0x00007ffac61f0000 - 0x00007ffac6484000 	C:\WINDOWS\WinSxS\amd64_microsoft.windows.common-controls_6595b64144ccf1df_6.0.26100.7019_none_3e06ffa0e335b8a8\COMCTL32.dll
0x00007ffaeb470000 - 0x00007ffaeb519000 	C:\WINDOWS\System32\msvcrt.dll
0x00007ffae9670000 - 0x00007ffae9713000 	C:\WINDOWS\System32\msvcp_win.dll
0x00007ffaeb420000 - 0x00007ffaeb451000 	C:\WINDOWS\System32\IMM32.DLL
0x00007ffae26f0000 - 0x00007ffae26fc000 	C:\Program Files\Android\Android Studio\jbr\bin\vcruntime140_1.dll
0x00007ffaab6d0000 - 0x00007ffaab75d000 	C:\Program Files\Android\Android Studio\jbr\bin\msvcp140.dll
0x00007ffa9b3b0000 - 0x00007ffa9c046000 	C:\Program Files\Android\Android Studio\jbr\bin\server\jvm.dll
0x00007ffaea950000 - 0x00007ffaeaa04000 	C:\WINDOWS\System32\ADVAPI32.dll
0x00007ffaeb1c0000 - 0x00007ffaeb266000 	C:\WINDOWS\System32\sechost.dll
0x00007ffaeaa10000 - 0x00007ffaeab28000 	C:\WINDOWS\System32\RPCRT4.dll
0x00007ffaeb3a0000 - 0x00007ffaeb414000 	C:\WINDOWS\System32\WS2_32.dll
0x00007ffae90d0000 - 0x00007ffae912e000 	C:\WINDOWS\SYSTEM32\POWRPROF.dll
0x00007ffae1700000 - 0x00007ffae170b000 	C:\WINDOWS\SYSTEM32\VERSION.dll
0x00007ffabf000000 - 0x00007ffabf035000 	C:\WINDOWS\SYSTEM32\WINMM.dll
0x00007ffae90b0000 - 0x00007ffae90c4000 	C:\WINDOWS\SYSTEM32\UMPDC.dll
0x00007ffae8000000 - 0x00007ffae801b000 	C:\WINDOWS\SYSTEM32\kernel.appcore.dll
0x00007ffae15c0000 - 0x00007ffae15ca000 	C:\Program Files\Android\Android Studio\jbr\bin\jimage.dll
0x00007ffacbdb0000 - 0x00007ffacbff2000 	C:\WINDOWS\SYSTEM32\DBGHELP.DLL
0x00007ffaeac90000 - 0x00007ffaeb01b000 	C:\WINDOWS\System32\combase.dll
0x00007ffae9ec0000 - 0x00007ffae9f97000 	C:\WINDOWS\System32\OLEAUT32.dll
0x00007ffad5950000 - 0x00007ffad598c000 	C:\WINDOWS\SYSTEM32\dbgcore.DLL
0x00007ffae9e10000 - 0x00007ffae9eb5000 	C:\WINDOWS\System32\bcryptPrimitives.dll
0x00007ffada2c0000 - 0x00007ffada2e0000 	C:\Program Files\Android\Android Studio\jbr\bin\java.dll
0x00007ffad9fb0000 - 0x00007ffad9fc8000 	C:\Program Files\Android\Android Studio\jbr\bin\zip.dll
0x00007ffaeb740000 - 0x00007ffaebe8f000 	C:\WINDOWS\System32\SHELL32.dll
0x00007ffae9a90000 - 0x00007ffae9bfb000 	C:\WINDOWS\System32\wintypes.dll
0x00007ffae6e70000 - 0x00007ffae76cd000 	C:\WINDOWS\SYSTEM32\windows.storage.dll
0x00007ffaea630000 - 0x00007ffaea722000 	C:\WINDOWS\System32\SHCORE.dll
0x00007ffaec070000 - 0x00007ffaec0d7000 	C:\WINDOWS\System32\shlwapi.dll
0x00007ffae9190000 - 0x00007ffae91b9000 	C:\WINDOWS\SYSTEM32\profapi.dll
0x00007ffae1440000 - 0x00007ffae1450000 	C:\Program Files\Android\Android Studio\jbr\bin\net.dll
0x00007ffae0a90000 - 0x00007ffae0bb8000 	C:\WINDOWS\SYSTEM32\WINHTTP.dll
0x00007ffae8580000 - 0x00007ffae85eb000 	C:\WINDOWS\system32\mswsock.dll
0x00007ffad9f90000 - 0x00007ffad9fa6000 	C:\Program Files\Android\Android Studio\jbr\bin\nio.dll
0x00007ffad88e0000 - 0x00007ffad88f0000 	C:\Program Files\Android\Android Studio\jbr\bin\verify.dll

JVMTI agents: none

dbghelp: loaded successfully - version: 4.0.5 - missing functions: none
symbol engine: initialized successfully - sym options: 0x614 - pdb path: .;C:\Program Files\Android\Android Studio\jbr\bin;C:\WINDOWS\SYSTEM32;C:\WINDOWS\WinSxS\amd64_microsoft.windows.common-controls_6595b64144ccf1df_6.0.26100.7019_none_3e06ffa0e335b8a8;C:\Program Files\Android\Android Studio\jbr\bin\server

VM Arguments:
java_command: org.jetbrains.kotlin.cli.jvm.K2JVMCompiler @C:\Users\ahmed\AndroidStudioProjects\awrad\app\build\20251126_7655840479237328344.compiler.options
java_class_path (initial): C:\Users\ahmed\.gradle\caches\modules-2\files-2.1\org.jetbrains.kotlin\kotlin-compiler-embeddable\2.0.21\79346ed53db48b18312a472602eb5c057070c54d\kotlin-compiler-embeddable-2.0.21.jar;C:\Users\ahmed\.gradle\caches\modules-2\files-2.1\org.jetbrains.kotlin\kotlin-stdlib\2.0.21\618b539767b4899b4660a83006e052b63f1db551\kotlin-stdlib-2.0.21.jar;C:\Users\ahmed\.gradle\caches\modules-2\files-2.1\org.jetbrains.kotlin\kotlin-script-runtime\2.0.21\c9b044380ad41f89aa89aa896c2d32a8c0b2129d\kotlin-script-runtime-2.0.21.jar;C:\Users\ahmed\.gradle\caches\modules-2\files-2.1\org.jetbrains.kotlin\kotlin-reflect\1.6.10\1cbe9c92c12a94eea200d23c2bbaedaf3daf5132\kotlin-reflect-1.6.10.jar;C:\Users\ahmed\.gradle\caches\modules-2\files-2.1\org.jetbrains.kotlin\kotlin-daemon-embeddable\2.0.21\c9e933b23287de9b5a17e2116b4657bb91aea72c\kotlin-daemon-embeddable-2.0.21.jar;C:\Users\ahmed\.gradle\caches\modules-2\files-2.1\org.jetbrains.intellij.deps\trove4j\1.0.20200330\3afb14d5f9ceb459d724e907a21145e8ff394f02\trove4j-1.0.20200330.jar;C:\Users\ahmed\.gradle\caches\modules-2\files-2.1\org.jetbrains.kotlinx\kotlinx-coroutines-core-jvm\1.6.4\2c997cd1c0ef33f3e751d3831929aeff1390cb30\kotlinx-coroutines-core-jvm-1.6.4.jar;C:\Users\ahmed\.gradle\caches\modules-2\files-2.1\org.jetbrains\annotations\13.0\919f0dfe192fb4e063e7dacadee7f8bb9a2672a9\annotations-13.0.jar
Launcher Type: SUN_STANDARD

[Global flags]
     intx CICompilerCount                          = 4                                         {product} {ergonomic}
     uint ConcGCThreads                            = 2                                         {product} {ergonomic}
     uint G1ConcRefinementThreads                  = 8                                         {product} {ergonomic}
   size_t G1HeapRegionSize                         = 1048576                                   {product} {ergonomic}
    uintx GCDrainStackTargetSize                   = 64                                        {product} {ergonomic}
   size_t InitialHeapSize                          = 130023424                                 {product} {ergonomic}
   size_t MarkStackSize                            = 4194304                                   {product} {ergonomic}
   size_t MaxHeapSize                              = 2067791872                                {product} {ergonomic}
   size_t MaxNewSize                               = 1240465408                                {product} {ergonomic}
   size_t MinHeapDeltaBytes                        = 1048576                                   {product} {ergonomic}
   size_t MinHeapSize                              = 8388608                                   {product} {ergonomic}
    uintx NonNMethodCodeHeapSize                   = 5839372                                {pd product} {ergonomic}
    uintx NonProfiledCodeHeapSize                  = 122909434                              {pd product} {ergonomic}
    uintx ProfiledCodeHeapSize                     = 122909434                              {pd product} {ergonomic}
    uintx ReservedCodeCacheSize                    = 251658240                              {pd product} {ergonomic}
     bool SegmentedCodeCache                       = true                                      {product} {ergonomic}
   size_t SoftMaxHeapSize                          = 2067791872                             {manageable} {ergonomic}
     bool UseCompressedOops                        = true                           {product lp64_product} {ergonomic}
     bool UseG1GC                                  = true                                      {product} {ergonomic}
     bool UseLargePagesIndividualAllocation        = false                                  {pd product} {ergonomic}

Logging:
Log output configuration:
 #0: stdout all=warning uptime,level,tags foldmultilines=false
 #1: stderr all=off uptime,level,tags foldmultilines=false

Environment Variables:
JAVA_HOME=C:\Program Files\Android\Android Studio\jbr
PATH=C:\WINDOWS\system32;C:\WINDOWS;C:\WINDOWS\System32\Wbem;C:\WINDOWS\System32\WindowsPowerShell\v1.0\;C:\WINDOWS\System32\OpenSSH\;C:\Program Files\Git\cmd;C:\Users\ahmed\AppData\Local\Microsoft\WindowsApps;C:\Users\ahmed\AppData\Local\Programs\Antigravity\bin
USERNAME=ahmed
OS=Windows_NT
PROCESSOR_IDENTIFIER=Intel64 Family 6 Model 126 Stepping 5, GenuineIntel
TMP=C:\Users\ahmed\AppData\Local\Temp
TEMP=C:\Users\ahmed\AppData\Local\Temp




Periodic native trim disabled

JNI global refs:
JNI global refs: 13, weak refs: 129

JNI global refs memory usage: 835, weak refs: 2097

Process memory usage:
Resident Set Size: 236488K (2% of 8069852K total physical memory with 612344K free physical memory)

OOME stack traces (most recent first):
Classloader memory used:
Loader jdk.internal.loader.ClassLoaders$AppClassLoader                                 : 56958K
Loader bootstrap                                                                       : 10947K

---------------  S Y S T E M  ---------------

OS:
 Windows 11 , 64 bit Build 26100 (10.0.26100.7019)
OS uptime: 2 days 23:15 hours
Hyper-V role detected

CPU: total 8 (initial active 8) (4 cores per cpu, 2 threads per core) family 6 model 126 stepping 5 microcode 0x86, cx8, cmov, fxsr, ht, mmx, 3dnowpref, sse, sse2, sse3, ssse3, sse4.1, sse4.2, popcnt, lzcnt, tsc, tscinvbit, avx, avx2, aes, erms, clmul, bmi1, bmi2, adx, avx512f, avx512dq, avx512cd, avx512bw, avx512vl, sha, fma, vzeroupper, avx512_vpopcntdq, avx512_vpclmulqdq, avx512_vaes, avx512_vnni, clflush, clflushopt, avx512_vbmi2, avx512_vbmi, hv, rdtscp, rdpid, fsrm, gfni, avx512_bitalg, f16c, avx512_ifma
Processor Information for the first 8 processors :
  Max Mhz: 1190, Current Mhz: 991, Mhz Limit: 987

Memory: 4k page, system-wide physical 7880M (598M free)
TotalPageFile size 22950M (AvailPageFile size 151M)
current process WorkingSet (physical memory assigned to process): 232M, peak: 329M
current process commit charge ("private bytes"): 362M, peak: 378M

vm_info: OpenJDK 64-Bit Server VM (21.0.8+-14196175-b1038.72) for windows-amd64 JRE (21.0.8+-14196175-b1038.72), built on 2025-10-01T10:24:33Z by "builder" with MS VC++ 16.10 / 16.11 (VS2019)

END.
